<?xml version="1.0" encoding="UTF-8"?>
<testng-results ignored="0" total="2" passed="2" failed="0" skipped="0">
  <reporter-output>
  </reporter-output>
  <suite started-at="2023-04-05T11:41:55 IST" name="Default suite" finished-at="2023-04-05T11:44:59 IST" duration-ms="183216">
    <groups>
      <group name="cucumber">
        <method signature="AbstractTestNGCucumberTests.runScenario(io.cucumber.testng.PickleWrapper,io.cucumber.testng.FeatureWrapper)[pri:0, instance:runner.CucumberRunnerTests@121314f7]" name="runScenario" class="io.cucumber.testng.AbstractTestNGCucumberTests"/>
      </group> <!-- cucumber -->
    </groups>
    <test started-at="2023-04-05T11:41:55 IST" name="Default test" finished-at="2023-04-05T11:44:59 IST" duration-ms="183216">
      <class name="runner.CucumberRunnerTests">
        <test-method is-config="true" signature="setUpClass(org.testng.ITestContext)[pri:0, instance:runner.CucumberRunnerTests@121314f7]" started-at="2023-04-05T11:41:56 IST" name="setUpClass" finished-at="2023-04-05T11:41:56 IST" duration-ms="932" status="PASS">
          <params>
            <param index="0">
              <value>
                <![CDATA[org.testng.TestRunner@2b9f74d0]]>
              </value>
            </param>
          </params>
          <reporter-output>
          </reporter-output>
        </test-method> <!-- setUpClass -->
        <test-method signature="runScenario(io.cucumber.testng.PickleWrapper,io.cucumber.testng.FeatureWrapper)[pri:0, instance:runner.CucumberRunnerTests@121314f7]" started-at="2023-04-05T11:41:56 IST" name="runScenario" description="Runs Cucumber Scenarios" data-provider="scenarios" finished-at="2023-04-05T11:43:22 IST" duration-ms="85230" status="PASS">
          <params>
            <param index="0">
              <value>
                <![CDATA["Add Jobs"]]>
              </value>
            </param>
            <param index="1">
              <value>
                <![CDATA["Iam doing automation of Add Jobs and Add Nationality in Orange HRM application"]]>
              </value>
            </param>
          </params>
          <reporter-output>
          </reporter-output>
        </test-method> <!-- runScenario -->
        <test-method signature="runScenario(io.cucumber.testng.PickleWrapper,io.cucumber.testng.FeatureWrapper)[pri:0, instance:runner.CucumberRunnerTests@121314f7]" started-at="2023-04-05T11:43:22 IST" name="runScenario" description="Runs Cucumber Scenarios" data-provider="scenarios" finished-at="2023-04-05T11:44:59 IST" duration-ms="96914" status="PASS">
          <params>
            <param index="0">
              <value>
                <![CDATA["Add Nationality"]]>
              </value>
            </param>
            <param index="1">
              <value>
                <![CDATA["Iam doing automation of Add Jobs and Add Nationality in Orange HRM application"]]>
              </value>
            </param>
          </params>
          <reporter-output>
          </reporter-output>
        </test-method> <!-- runScenario -->
        <test-method is-config="true" signature="tearDownClass()[pri:0, instance:runner.CucumberRunnerTests@121314f7]" started-at="2023-04-05T11:44:59 IST" name="tearDownClass" finished-at="2023-04-05T11:44:59 IST" duration-ms="25" status="PASS">
          <reporter-output>
          </reporter-output>
        </test-method> <!-- tearDownClass -->
      </class> <!-- runner.CucumberRunnerTests -->
    </test> <!-- Default test -->
  </suite> <!-- Default suite -->
</testng-results>
