<?xml version="1.0" encoding="UTF-8"?>
<testng-results ignored="0" total="1" passed="1" failed="0" skipped="0">
  <reporter-output>
  </reporter-output>
  <suite started-at="2023-04-11T15:36:01 IST" name="Default suite" finished-at="2023-04-11T15:37:12 IST" duration-ms="71194">
    <groups>
      <group name="cucumber">
        <method signature="AbstractTestNGCucumberTests.runScenario(io.cucumber.testng.PickleWrapper,io.cucumber.testng.FeatureWrapper)[pri:0, instance:RUNNER.CucumberRunnerTests@121314f7]" name="runScenario" class="io.cucumber.testng.AbstractTestNGCucumberTests"/>
      </group> <!-- cucumber -->
    </groups>
    <test started-at="2023-04-11T15:36:01 IST" name="Default test" finished-at="2023-04-11T15:37:12 IST" duration-ms="71194">
      <class name="RUNNER.CucumberRunnerTests">
        <test-method is-config="true" signature="setUpClass(org.testng.ITestContext)[pri:0, instance:RUNNER.CucumberRunnerTests@121314f7]" started-at="2023-04-11T15:36:01 IST" name="setUpClass" finished-at="2023-04-11T15:36:02 IST" duration-ms="1139" status="PASS">
          <params>
            <param index="0">
              <value>
                <![CDATA[org.testng.TestRunner@2ecf5915]]>
              </value>
            </param>
          </params>
          <reporter-output>
          </reporter-output>
        </test-method> <!-- setUpClass -->
        <test-method signature="runScenario(io.cucumber.testng.PickleWrapper,io.cucumber.testng.FeatureWrapper)[pri:0, instance:RUNNER.CucumberRunnerTests@121314f7]" started-at="2023-04-11T15:36:02 IST" name="runScenario" description="Runs Cucumber Scenarios" data-provider="scenarios" finished-at="2023-04-11T15:37:10 IST" duration-ms="67818" status="PASS">
          <params>
            <param index="0">
              <value>
                <![CDATA["Add Nationality"]]>
              </value>
            </param>
            <param index="1">
              <value>
                <![CDATA["Iam doing automation functionality of Add skills and Add Nationality in OrangeHRM."]]>
              </value>
            </param>
          </params>
          <reporter-output>
          </reporter-output>
        </test-method> <!-- runScenario -->
        <test-method is-config="true" signature="tearDownClass()[pri:0, instance:RUNNER.CucumberRunnerTests@121314f7]" started-at="2023-04-11T15:37:10 IST" name="tearDownClass" finished-at="2023-04-11T15:37:12 IST" duration-ms="2090" status="PASS">
          <reporter-output>
          </reporter-output>
        </test-method> <!-- tearDownClass -->
      </class> <!-- RUNNER.CucumberRunnerTests -->
    </test> <!-- Default test -->
  </suite> <!-- Default suite -->
</testng-results>
